2024-09-02 22:16:23,021 : INFO : Start of Prediction
2024-09-02 22:16:23,021 : INFO : run_id:2024-09-02_221623_432893119
2024-09-02 22:16:23,021 : INFO : Start of Preprocessing...
2024-09-02 22:16:23,021 : INFO : Start of feature encoding...
2024-09-02 22:16:23,027 : INFO : End of feature encoding...
2024-09-02 22:16:23,027 : INFO : Start of Droping Columns...
2024-09-02 22:16:23,027 : INFO : End of Droping Columns...
2024-09-02 22:16:23,027 : INFO : Start of finding missing values...
2024-09-02 22:16:23,027 : INFO : End of finding missing values...
2024-09-02 22:16:23,036 : INFO : Start of building final predictset...
2024-09-02 22:16:23,044 : INFO : End of building final predictset...
2024-09-02 22:16:23,044 : INFO : End of Preprocessing...
2024-09-02 22:16:23,044 : INFO : Start of Load Model
2024-09-02 22:16:23,044 : INFO : Model File KMeans loaded
2024-09-02 22:16:23,044 : INFO : End of Load Model
2024-09-02 22:16:23,064 : INFO : clusters loop started
2024-09-02 22:16:23,064 : INFO : Start of finding correct model
2024-09-02 22:16:23,064 : INFO : End of finding correct model
2024-09-02 22:16:23,064 : INFO : Start of Load Model
2024-09-02 22:16:23,064 : INFO : Model File XGBoost0 loaded
2024-09-02 22:16:23,064 : INFO : End of Load Model
2024-09-02 22:16:23,084 : INFO : Shape of Data (1, 9)
2024-09-02 22:16:23,100 : INFO : Shape of Data None
2024-09-02 22:16:23,162 : INFO : Output : [1]
2024-09-02 22:16:23,162 : INFO : End of Prediction
