2024-09-02 22:16:22,135 : INFO : Start of Prediction
2024-09-02 22:16:22,135 : INFO : run_id:2024-09-02_221622_611943495
2024-09-02 22:16:22,136 : INFO : Start of Preprocessing...
2024-09-02 22:16:22,136 : INFO : Start of feature encoding...
2024-09-02 22:16:22,153 : INFO : End of feature encoding...
2024-09-02 22:16:22,156 : INFO : Start of Droping Columns...
2024-09-02 22:16:22,160 : INFO : End of Droping Columns...
2024-09-02 22:16:22,160 : INFO : Start of finding missing values...
2024-09-02 22:16:22,162 : INFO : End of finding missing values...
2024-09-02 22:16:22,163 : INFO : Start of building final predictset...
2024-09-02 22:16:22,198 : INFO : End of building final predictset...
2024-09-02 22:16:22,198 : INFO : End of Preprocessing...
2024-09-02 22:16:22,198 : INFO : Start of Load Model
2024-09-02 22:16:22,198 : INFO : Model File KMeans loaded
2024-09-02 22:16:22,198 : INFO : End of Load Model
2024-09-02 22:16:22,216 : INFO : clusters loop started
2024-09-02 22:16:22,217 : INFO : Start of finding correct model
2024-09-02 22:16:22,217 : INFO : End of finding correct model
2024-09-02 22:16:22,217 : INFO : Start of Load Model
2024-09-02 22:16:22,226 : INFO : Model File XGBoost0 loaded
2024-09-02 22:16:22,226 : INFO : End of Load Model
2024-09-02 22:16:22,248 : INFO : Shape of Data (1, 9)
2024-09-02 22:16:22,274 : INFO : Shape of Data None
2024-09-02 22:16:22,312 : INFO : Output : [1]
2024-09-02 22:16:22,320 : INFO : End of Prediction
