2024-09-02 22:15:56,490 : INFO : Start of Prediction
2024-09-02 22:15:56,490 : INFO : run_id:2024-09-02_221555_703368888
2024-09-02 22:15:56,490 : INFO : Start of Preprocessing...
2024-09-02 22:15:56,490 : INFO : Start of feature encoding...
2024-09-02 22:15:56,786 : INFO : End of feature encoding...
2024-09-02 22:15:56,875 : INFO : Start of Droping Columns...
2024-09-02 22:15:56,972 : INFO : End of Droping Columns...
2024-09-02 22:15:56,972 : INFO : Start of finding missing values...
2024-09-02 22:15:57,003 : INFO : End of finding missing values...
2024-09-02 22:15:57,003 : INFO : Start of building final predictset...
2024-09-02 22:15:57,065 : INFO : End of building final predictset...
2024-09-02 22:15:57,065 : INFO : End of Preprocessing...
2024-09-02 22:15:57,065 : INFO : Start of Load Model
2024-09-02 22:15:57,381 : INFO : Model File KMeans loaded
2024-09-02 22:15:57,381 : INFO : End of Load Model
2024-09-02 22:15:58,352 : INFO : clusters loop started
2024-09-02 22:15:58,361 : INFO : Start of finding correct model
2024-09-02 22:15:58,361 : INFO : End of finding correct model
2024-09-02 22:15:58,361 : INFO : Start of Load Model
2024-09-02 22:15:58,709 : INFO : Model File XGBoost0 loaded
2024-09-02 22:15:58,709 : INFO : End of Load Model
2024-09-02 22:15:59,352 : INFO : Shape of Data (1, 9)
2024-09-02 22:15:59,517 : INFO : Shape of Data None
2024-09-02 22:15:59,700 : INFO : Output : [1]
2024-09-02 22:15:59,701 : INFO : End of Prediction
