2024-09-02 22:16:19,695 : INFO : Start of Prediction
2024-09-02 22:16:19,695 : INFO : run_id:2024-09-02_221619_426379244
2024-09-02 22:16:19,695 : INFO : Start of Preprocessing...
2024-09-02 22:16:19,695 : INFO : Start of feature encoding...
2024-09-02 22:16:19,714 : INFO : End of feature encoding...
2024-09-02 22:16:19,714 : INFO : Start of Droping Columns...
2024-09-02 22:16:19,714 : INFO : End of Droping Columns...
2024-09-02 22:16:19,714 : INFO : Start of finding missing values...
2024-09-02 22:16:19,722 : INFO : End of finding missing values...
2024-09-02 22:16:19,752 : INFO : Start of building final predictset...
2024-09-02 22:16:19,767 : INFO : End of building final predictset...
2024-09-02 22:16:19,767 : INFO : End of Preprocessing...
2024-09-02 22:16:19,767 : INFO : Start of Load Model
2024-09-02 22:16:19,767 : INFO : Model File KMeans loaded
2024-09-02 22:16:19,767 : INFO : End of Load Model
2024-09-02 22:16:19,782 : INFO : clusters loop started
2024-09-02 22:16:19,782 : INFO : Start of finding correct model
2024-09-02 22:16:19,782 : INFO : End of finding correct model
2024-09-02 22:16:19,782 : INFO : Start of Load Model
2024-09-02 22:16:19,782 : INFO : Model File XGBoost0 loaded
2024-09-02 22:16:19,782 : INFO : End of Load Model
2024-09-02 22:16:19,804 : INFO : Shape of Data (1, 9)
2024-09-02 22:16:19,818 : INFO : Shape of Data None
2024-09-02 22:16:19,836 : INFO : Output : [1]
2024-09-02 22:16:19,836 : INFO : End of Prediction
