2024-09-02 22:16:21,731 : INFO : Start of Prediction
2024-09-02 22:16:21,731 : INFO : run_id:2024-09-02_221621_622843587
2024-09-02 22:16:21,731 : INFO : Start of Preprocessing...
2024-09-02 22:16:21,731 : INFO : Start of feature encoding...
2024-09-02 22:16:21,731 : INFO : End of feature encoding...
2024-09-02 22:16:21,739 : INFO : Start of Droping Columns...
2024-09-02 22:16:21,740 : INFO : End of Droping Columns...
2024-09-02 22:16:21,740 : INFO : Start of finding missing values...
2024-09-02 22:16:21,742 : INFO : End of finding missing values...
2024-09-02 22:16:21,742 : INFO : Start of building final predictset...
2024-09-02 22:16:21,748 : INFO : End of building final predictset...
2024-09-02 22:16:21,748 : INFO : End of Preprocessing...
2024-09-02 22:16:21,748 : INFO : Start of Load Model
2024-09-02 22:16:21,748 : INFO : Model File KMeans loaded
2024-09-02 22:16:21,748 : INFO : End of Load Model
2024-09-02 22:16:21,770 : INFO : clusters loop started
2024-09-02 22:16:21,770 : INFO : Start of finding correct model
2024-09-02 22:16:21,770 : INFO : End of finding correct model
2024-09-02 22:16:21,770 : INFO : Start of Load Model
2024-09-02 22:16:21,770 : INFO : Model File XGBoost0 loaded
2024-09-02 22:16:21,770 : INFO : End of Load Model
2024-09-02 22:16:21,788 : INFO : Shape of Data (1, 9)
2024-09-02 22:16:22,102 : INFO : Shape of Data None
2024-09-02 22:16:22,131 : INFO : Output : [1]
2024-09-02 22:16:22,131 : INFO : End of Prediction
