2024-09-02 22:16:21,332 : INFO : Start of Prediction
2024-09-02 22:16:21,333 : INFO : run_id:2024-09-02_221621_117600081
2024-09-02 22:16:21,333 : INFO : Start of Preprocessing...
2024-09-02 22:16:21,334 : INFO : Start of feature encoding...
2024-09-02 22:16:21,340 : INFO : End of feature encoding...
2024-09-02 22:16:21,340 : INFO : Start of Droping Columns...
2024-09-02 22:16:21,340 : INFO : End of Droping Columns...
2024-09-02 22:16:21,340 : INFO : Start of finding missing values...
2024-09-02 22:16:21,346 : INFO : End of finding missing values...
2024-09-02 22:16:21,347 : INFO : Start of building final predictset...
2024-09-02 22:16:21,360 : INFO : End of building final predictset...
2024-09-02 22:16:21,362 : INFO : End of Preprocessing...
2024-09-02 22:16:21,363 : INFO : Start of Load Model
2024-09-02 22:16:21,363 : INFO : Model File KMeans loaded
2024-09-02 22:16:21,363 : INFO : End of Load Model
2024-09-02 22:16:21,376 : INFO : clusters loop started
2024-09-02 22:16:21,382 : INFO : Start of finding correct model
2024-09-02 22:16:21,382 : INFO : End of finding correct model
2024-09-02 22:16:21,382 : INFO : Start of Load Model
2024-09-02 22:16:21,382 : INFO : Model File XGBoost0 loaded
2024-09-02 22:16:21,382 : INFO : End of Load Model
2024-09-02 22:16:21,400 : INFO : Shape of Data (1, 9)
2024-09-02 22:16:21,418 : INFO : Shape of Data None
2024-09-02 22:16:21,434 : INFO : Output : [1]
2024-09-02 22:16:21,434 : INFO : End of Prediction
