2024-09-02 22:16:21,152 : INFO : Start of Prediction
2024-09-02 22:16:21,152 : INFO : run_id:2024-09-02_221621_477167884
2024-09-02 22:16:21,152 : INFO : Start of Preprocessing...
2024-09-02 22:16:21,152 : INFO : Start of feature encoding...
2024-09-02 22:16:21,152 : INFO : End of feature encoding...
2024-09-02 22:16:21,152 : INFO : Start of Droping Columns...
2024-09-02 22:16:21,152 : INFO : End of Droping Columns...
2024-09-02 22:16:21,152 : INFO : Start of finding missing values...
2024-09-02 22:16:21,163 : INFO : End of finding missing values...
2024-09-02 22:16:21,164 : INFO : Start of building final predictset...
2024-09-02 22:16:21,206 : INFO : End of building final predictset...
2024-09-02 22:16:21,206 : INFO : End of Preprocessing...
2024-09-02 22:16:21,206 : INFO : Start of Load Model
2024-09-02 22:16:21,206 : INFO : Model File KMeans loaded
2024-09-02 22:16:21,206 : INFO : End of Load Model
2024-09-02 22:16:21,225 : INFO : clusters loop started
2024-09-02 22:16:21,226 : INFO : Start of finding correct model
2024-09-02 22:16:21,226 : INFO : End of finding correct model
2024-09-02 22:16:21,226 : INFO : Start of Load Model
2024-09-02 22:16:21,226 : INFO : Model File XGBoost0 loaded
2024-09-02 22:16:21,226 : INFO : End of Load Model
2024-09-02 22:16:21,253 : INFO : Shape of Data (1, 9)
2024-09-02 22:16:21,269 : INFO : Shape of Data None
2024-09-02 22:16:21,285 : INFO : Output : [1]
2024-09-02 22:16:21,285 : INFO : End of Prediction
