2024-09-02 22:16:22,164 : INFO : Start of Prediction
2024-09-02 22:16:22,164 : INFO : run_id:2024-09-02_221622_230673425
2024-09-02 22:16:22,164 : INFO : Start of Preprocessing...
2024-09-02 22:16:22,168 : INFO : Start of feature encoding...
2024-09-02 22:16:22,170 : INFO : End of feature encoding...
2024-09-02 22:16:22,183 : INFO : Start of Droping Columns...
2024-09-02 22:16:22,185 : INFO : End of Droping Columns...
2024-09-02 22:16:22,186 : INFO : Start of finding missing values...
2024-09-02 22:16:22,186 : INFO : End of finding missing values...
2024-09-02 22:16:22,203 : INFO : Start of building final predictset...
2024-09-02 22:16:22,226 : INFO : End of building final predictset...
2024-09-02 22:16:22,226 : INFO : End of Preprocessing...
2024-09-02 22:16:22,226 : INFO : Start of Load Model
2024-09-02 22:16:22,226 : INFO : Model File KMeans loaded
2024-09-02 22:16:22,226 : INFO : End of Load Model
2024-09-02 22:16:22,242 : INFO : clusters loop started
2024-09-02 22:16:22,248 : INFO : Start of finding correct model
2024-09-02 22:16:22,248 : INFO : End of finding correct model
2024-09-02 22:16:22,248 : INFO : Start of Load Model
2024-09-02 22:16:22,248 : INFO : Model File XGBoost0 loaded
2024-09-02 22:16:22,248 : INFO : End of Load Model
2024-09-02 22:16:22,269 : INFO : Shape of Data (1, 9)
2024-09-02 22:16:22,294 : INFO : Shape of Data None
2024-09-02 22:16:22,325 : INFO : Output : [1]
2024-09-02 22:16:22,325 : INFO : End of Prediction
