2024-09-02 22:16:22,805 : INFO : Start of Prediction
2024-09-02 22:16:22,813 : INFO : run_id:2024-09-02_221622_876949806
2024-09-02 22:16:22,813 : INFO : Start of Preprocessing...
2024-09-02 22:16:22,813 : INFO : Start of feature encoding...
2024-09-02 22:16:22,816 : INFO : End of feature encoding...
2024-09-02 22:16:22,816 : INFO : Start of Droping Columns...
2024-09-02 22:16:22,816 : INFO : End of Droping Columns...
2024-09-02 22:16:22,816 : INFO : Start of finding missing values...
2024-09-02 22:16:22,816 : INFO : End of finding missing values...
2024-09-02 22:16:22,816 : INFO : Start of building final predictset...
2024-09-02 22:16:22,837 : INFO : End of building final predictset...
2024-09-02 22:16:22,837 : INFO : End of Preprocessing...
2024-09-02 22:16:22,837 : INFO : Start of Load Model
2024-09-02 22:16:22,837 : INFO : Model File KMeans loaded
2024-09-02 22:16:22,837 : INFO : End of Load Model
2024-09-02 22:16:22,850 : INFO : clusters loop started
2024-09-02 22:16:22,850 : INFO : Start of finding correct model
2024-09-02 22:16:22,850 : INFO : End of finding correct model
2024-09-02 22:16:22,850 : INFO : Start of Load Model
2024-09-02 22:16:22,850 : INFO : Model File XGBoost0 loaded
2024-09-02 22:16:22,850 : INFO : End of Load Model
2024-09-02 22:16:22,870 : INFO : Shape of Data (1, 9)
2024-09-02 22:16:22,891 : INFO : Shape of Data None
2024-09-02 22:16:22,905 : INFO : Output : [1]
2024-09-02 22:16:22,905 : INFO : End of Prediction
