2024-09-02 22:16:20,650 : INFO : Start of Prediction
2024-09-02 22:16:20,650 : INFO : run_id:2024-09-02_221620_667907201
2024-09-02 22:16:20,650 : INFO : Start of Preprocessing...
2024-09-02 22:16:20,650 : INFO : Start of feature encoding...
2024-09-02 22:16:20,659 : INFO : End of feature encoding...
2024-09-02 22:16:20,659 : INFO : Start of Droping Columns...
2024-09-02 22:16:20,664 : INFO : End of Droping Columns...
2024-09-02 22:16:20,665 : INFO : Start of finding missing values...
2024-09-02 22:16:20,665 : INFO : End of finding missing values...
2024-09-02 22:16:20,731 : INFO : Start of building final predictset...
2024-09-02 22:16:20,747 : INFO : End of building final predictset...
2024-09-02 22:16:20,747 : INFO : End of Preprocessing...
2024-09-02 22:16:20,747 : INFO : Start of Load Model
2024-09-02 22:16:20,748 : INFO : Model File KMeans loaded
2024-09-02 22:16:20,748 : INFO : End of Load Model
2024-09-02 22:16:20,757 : INFO : clusters loop started
2024-09-02 22:16:20,757 : INFO : Start of finding correct model
2024-09-02 22:16:20,757 : INFO : End of finding correct model
2024-09-02 22:16:20,764 : INFO : Start of Load Model
2024-09-02 22:16:20,764 : INFO : Model File XGBoost0 loaded
2024-09-02 22:16:20,764 : INFO : End of Load Model
2024-09-02 22:16:20,782 : INFO : Shape of Data (1, 9)
2024-09-02 22:16:20,802 : INFO : Shape of Data None
2024-09-02 22:16:20,817 : INFO : Output : [1]
2024-09-02 22:16:20,818 : INFO : End of Prediction
