2024-09-02 22:16:22,327 : INFO : Start of Prediction
2024-09-02 22:16:22,328 : INFO : run_id:2024-09-02_221622_901666489
2024-09-02 22:16:22,328 : INFO : Start of Preprocessing...
2024-09-02 22:16:22,328 : INFO : Start of feature encoding...
2024-09-02 22:16:22,330 : INFO : End of feature encoding...
2024-09-02 22:16:22,337 : INFO : Start of Droping Columns...
2024-09-02 22:16:22,338 : INFO : End of Droping Columns...
2024-09-02 22:16:22,339 : INFO : Start of finding missing values...
2024-09-02 22:16:22,343 : INFO : End of finding missing values...
2024-09-02 22:16:22,343 : INFO : Start of building final predictset...
2024-09-02 22:16:22,357 : INFO : End of building final predictset...
2024-09-02 22:16:22,357 : INFO : End of Preprocessing...
2024-09-02 22:16:22,357 : INFO : Start of Load Model
2024-09-02 22:16:22,357 : INFO : Model File KMeans loaded
2024-09-02 22:16:22,357 : INFO : End of Load Model
2024-09-02 22:16:22,369 : INFO : clusters loop started
2024-09-02 22:16:22,369 : INFO : Start of finding correct model
2024-09-02 22:16:22,369 : INFO : End of finding correct model
2024-09-02 22:16:22,369 : INFO : Start of Load Model
2024-09-02 22:16:22,369 : INFO : Model File XGBoost0 loaded
2024-09-02 22:16:22,369 : INFO : End of Load Model
2024-09-02 22:16:22,394 : INFO : Shape of Data (1, 9)
2024-09-02 22:16:22,416 : INFO : Shape of Data None
2024-09-02 22:16:22,433 : INFO : Output : [1]
2024-09-02 22:16:22,433 : INFO : End of Prediction
