2024-09-02 22:16:21,530 : INFO : Start of Prediction
2024-09-02 22:16:21,530 : INFO : run_id:2024-09-02_221621_963700006
2024-09-02 22:16:21,530 : INFO : Start of Preprocessing...
2024-09-02 22:16:21,530 : INFO : Start of feature encoding...
2024-09-02 22:16:21,536 : INFO : End of feature encoding...
2024-09-02 22:16:21,536 : INFO : Start of Droping Columns...
2024-09-02 22:16:21,536 : INFO : End of Droping Columns...
2024-09-02 22:16:21,536 : INFO : Start of finding missing values...
2024-09-02 22:16:21,544 : INFO : End of finding missing values...
2024-09-02 22:16:21,544 : INFO : Start of building final predictset...
2024-09-02 22:16:21,549 : INFO : End of building final predictset...
2024-09-02 22:16:21,549 : INFO : End of Preprocessing...
2024-09-02 22:16:21,549 : INFO : Start of Load Model
2024-09-02 22:16:21,549 : INFO : Model File KMeans loaded
2024-09-02 22:16:21,549 : INFO : End of Load Model
2024-09-02 22:16:21,568 : INFO : clusters loop started
2024-09-02 22:16:21,570 : INFO : Start of finding correct model
2024-09-02 22:16:21,570 : INFO : End of finding correct model
2024-09-02 22:16:21,570 : INFO : Start of Load Model
2024-09-02 22:16:21,570 : INFO : Model File XGBoost0 loaded
2024-09-02 22:16:21,570 : INFO : End of Load Model
2024-09-02 22:16:21,588 : INFO : Shape of Data (1, 9)
2024-09-02 22:16:21,610 : INFO : Shape of Data None
2024-09-02 22:16:21,623 : INFO : Output : [1]
2024-09-02 22:16:21,623 : INFO : End of Prediction
