2024-09-02 22:16:16,287 : INFO : Start of Prediction
2024-09-02 22:16:16,288 : INFO : run_id:2024-09-02_221616_934806867
2024-09-02 22:16:16,288 : INFO : Start of Preprocessing...
2024-09-02 22:16:16,288 : INFO : Start of feature encoding...
2024-09-02 22:16:16,293 : INFO : End of feature encoding...
2024-09-02 22:16:16,293 : INFO : Start of Droping Columns...
2024-09-02 22:16:16,293 : INFO : End of Droping Columns...
2024-09-02 22:16:16,293 : INFO : Start of finding missing values...
2024-09-02 22:16:16,293 : INFO : End of finding missing values...
2024-09-02 22:16:16,293 : INFO : Start of building final predictset...
2024-09-02 22:16:16,311 : INFO : End of building final predictset...
2024-09-02 22:16:16,311 : INFO : End of Preprocessing...
2024-09-02 22:16:16,311 : INFO : Start of Load Model
2024-09-02 22:16:16,311 : INFO : Model File KMeans loaded
2024-09-02 22:16:16,311 : INFO : End of Load Model
2024-09-02 22:16:16,329 : INFO : clusters loop started
2024-09-02 22:16:16,335 : INFO : Start of finding correct model
2024-09-02 22:16:16,337 : INFO : End of finding correct model
2024-09-02 22:16:16,337 : INFO : Start of Load Model
2024-09-02 22:16:16,338 : INFO : Model File XGBoost0 loaded
2024-09-02 22:16:16,338 : INFO : End of Load Model
2024-09-02 22:16:16,355 : INFO : Shape of Data (1, 9)
2024-09-02 22:16:16,373 : INFO : Shape of Data None
2024-09-02 22:16:16,391 : INFO : Output : [1]
2024-09-02 22:16:16,391 : INFO : End of Prediction
