2024-09-02 21:00:39,683 : INFO : Start of Training
2024-09-02 21:00:39,683 : INFO : Run_id:2024-09-02_210039_762939391
2024-09-02 21:00:39,683 : INFO : Start of Data Load, validation and transformation
2024-09-02 21:00:39,683 : INFO : Start of Archiving Old Rejected Files...
2024-09-02 21:00:39,683 : INFO : End of Archiving Old Rejected Files...
2024-09-02 21:00:39,683 : INFO : Start of Archiving Old Validated Files...
2024-09-02 21:00:39,697 : INFO : End of Archiving Old Validated Files...
2024-09-02 21:00:39,698 : INFO : Start of Archiving Old Processed Files...
2024-09-02 21:00:39,706 : INFO : End of Archiving Old Processed Files...
2024-09-02 21:00:39,706 : INFO : Start of Archiving Old Result Files...
2024-09-02 21:00:39,707 : INFO : End of Archiving Old Result Files...
2024-09-02 21:00:39,707 : INFO : Start of Reading values From Schema...
2024-09-02 21:00:39,707 : INFO : End of Reading values From Schema...
2024-09-02 21:00:39,707 : INFO : Start of Validating Column Length...
2024-09-02 21:00:39,707 : INFO : End of Validating Column Length...
2024-09-02 21:00:39,707 : INFO : Start of Validating Missing Values...
2024-09-02 21:00:39,707 : INFO : End of Validating Missing Values...
2024-09-02 21:00:39,707 : INFO : Start of Replacing Missing Values with NULL...
2024-09-02 21:00:39,707 : INFO : End of Replacing Missing Values with NULL...
2024-09-02 21:00:39,707 : INFO : Start of Creating Table...
2024-09-02 21:00:39,707 : INFO : Opened training database successfully
2024-09-02 21:00:39,710 : INFO : Tables created successfully
2024-09-02 21:00:39,710 : INFO : Closed training database successfully
2024-09-02 21:00:39,710 : INFO : End of Creating Table...
2024-09-02 21:00:39,710 : INFO : Opened training database successfully
2024-09-02 21:00:39,710 : INFO : Start of Inserting Data into Table...
2024-09-02 21:00:39,710 : INFO : End of Inserting Data into Table...
2024-09-02 21:00:39,710 : INFO : Start of Exporting Data into CSV...
2024-09-02 21:00:39,710 : INFO : Opened training database successfully
2024-09-02 21:00:39,822 : INFO : End of Exporting Data into CSV...
2024-09-02 21:00:39,822 : INFO : Start of Moving Processed Files...
2024-09-02 21:00:39,822 : INFO : End of Moving Processed Files...
2024-09-02 21:00:39,822 : INFO : End of Data Load, validation and transformation
2024-09-02 21:00:39,822 : INFO : Start of Preprocessing...
2024-09-02 21:00:39,822 : INFO : Start of reading dataset...
2024-09-02 21:00:39,853 : INFO : End of reading dataset...
2024-09-02 21:00:39,853 : INFO : Start of Droping Columns...
2024-09-02 21:00:39,853 : INFO : End of Droping Columns...
2024-09-02 21:00:39,853 : INFO : Start of feature encoding...
2024-09-02 21:00:39,869 : INFO : End of feature encoding...
2024-09-02 21:00:39,869 : INFO : Start of Droping Columns...
2024-09-02 21:00:39,869 : INFO : End of Droping Columns...
2024-09-02 21:00:39,869 : INFO : Start of finding missing values...
2024-09-02 21:00:39,881 : INFO : End of finding missing values...
2024-09-02 21:00:39,882 : INFO : Start of imputing missing values...
2024-09-02 21:00:39,898 : INFO : End of imputing missing values...
2024-09-02 21:00:39,898 : INFO : Start of splitting features and label ...
2024-09-02 21:00:39,898 : INFO : End of splitting features and label ...
2024-09-02 21:00:39,898 : INFO : End of Preprocessing...
2024-09-02 21:00:39,898 : INFO : Start of elbow plotting...
2024-09-02 21:00:40,513 : INFO : The optimum number of clusters is: 3
2024-09-02 21:00:40,513 : INFO : End of elbow plotting...
2024-09-02 21:00:40,513 : INFO : Number of clusters created :3
2024-09-02 21:00:40,513 : INFO : Start of Create clusters...
2024-09-02 21:00:40,529 : INFO : Start of Save Models
2024-09-02 21:00:40,529 : INFO : Start of Save Models
2024-09-02 21:00:40,542 : INFO : Model File KMeans saved
2024-09-02 21:00:40,542 : INFO : Model File KMeans saved
2024-09-02 21:00:40,542 : INFO : End of Save Models
2024-09-02 21:00:40,542 : INFO : End of Save Models
2024-09-02 21:00:40,543 : INFO : succesfully created 3clusters.
2024-09-02 21:00:40,543 : INFO : End of Create clusters...
2024-09-02 21:00:40,543 : INFO : Start of finding best model...
2024-09-02 21:00:40,543 : INFO : Start of finding best params for XGBoost algo...
2024-09-02 21:01:02,793 : INFO : XGBoost best params: {'learning_rate': 0.5, 'max_depth': 5, 'n_estimators': 200}
2024-09-02 21:01:02,793 : INFO : End of finding best params for XGBoost algo...
2024-09-02 21:01:02,801 : INFO : AUC for XGBoost:0.9896320991157139
2024-09-02 21:01:02,801 : INFO : Start of finding best params for randomforest algo...
2024-09-02 21:01:30,336 : INFO : Random Forest best params: {'criterion': 'gini', 'max_depth': 3, 'max_features': 'sqrt', 'n_estimators': 50}
2024-09-02 21:01:30,336 : INFO : End of finding best params for randomforest algo...
2024-09-02 21:01:30,336 : INFO : AUC for RandomForest:0.9704686243911667
2024-09-02 21:01:30,336 : INFO : End of finding best model...
2024-09-02 21:01:30,336 : INFO : XGBoost is the best model
2024-09-02 21:01:30,336 : INFO : Start of Save Models
2024-09-02 21:01:30,336 : INFO : Start of Save Models
2024-09-02 21:01:38,399 : INFO : Model File XGBoost0 saved
2024-09-02 21:01:38,399 : INFO : Model File XGBoost0 saved
2024-09-02 21:01:38,399 : INFO : End of Save Models
2024-09-02 21:01:38,399 : INFO : End of Save Models
2024-09-02 21:01:38,399 : INFO : Start of finding best model...
2024-09-02 21:01:38,399 : INFO : Start of finding best params for XGBoost algo...
2024-09-02 21:02:28,507 : INFO : XGBoost best params: {'learning_rate': 0.5, 'max_depth': 10, 'n_estimators': 50}
2024-09-02 21:02:28,507 : INFO : End of finding best params for XGBoost algo...
2024-09-02 21:02:28,522 : INFO : AUC for XGBoost:0.9926952272018302
2024-09-02 21:02:28,522 : INFO : Start of finding best params for randomforest algo...
2024-09-02 21:02:58,634 : INFO : Random Forest best params: {'criterion': 'entropy', 'max_depth': 3, 'max_features': 'sqrt', 'n_estimators': 100}
2024-09-02 21:02:58,634 : INFO : End of finding best params for randomforest algo...
2024-09-02 21:02:58,650 : INFO : AUC for RandomForest:0.9686839277668018
2024-09-02 21:02:58,650 : INFO : End of finding best model...
2024-09-02 21:02:58,650 : INFO : XGBoost is the best model
2024-09-02 21:02:58,650 : INFO : Start of Save Models
2024-09-02 21:02:58,650 : INFO : Start of Save Models
2024-09-02 21:02:58,650 : INFO : Model File XGBoost1 saved
2024-09-02 21:02:58,650 : INFO : Model File XGBoost1 saved
2024-09-02 21:02:58,662 : INFO : End of Save Models
2024-09-02 21:02:58,662 : INFO : End of Save Models
2024-09-02 21:02:58,662 : INFO : Start of finding best model...
2024-09-02 21:02:58,662 : INFO : Start of finding best params for XGBoost algo...
2024-09-02 21:03:47,796 : INFO : XGBoost best params: {'learning_rate': 0.5, 'max_depth': 10, 'n_estimators': 50}
2024-09-02 21:03:47,796 : INFO : End of finding best params for XGBoost algo...
2024-09-02 21:03:47,828 : INFO : AUC for XGBoost:0.965684145998825
2024-09-02 21:03:47,828 : INFO : Start of finding best params for randomforest algo...
2024-09-02 21:04:37,927 : INFO : Random Forest best params: {'criterion': 'entropy', 'max_depth': 3, 'max_features': 'sqrt', 'n_estimators': 50}
2024-09-02 21:04:37,927 : INFO : End of finding best params for randomforest algo...
2024-09-02 21:04:37,942 : INFO : AUC for RandomForest:0.7334423130954509
2024-09-02 21:04:37,942 : INFO : End of finding best model...
2024-09-02 21:04:37,942 : INFO : XGBoost is the best model
2024-09-02 21:04:37,942 : INFO : Start of Save Models
2024-09-02 21:04:37,942 : INFO : Start of Save Models
2024-09-02 21:04:37,948 : INFO : Model File XGBoost2 saved
2024-09-02 21:04:37,948 : INFO : Model File XGBoost2 saved
2024-09-02 21:04:37,948 : INFO : End of Save Models
2024-09-02 21:04:37,948 : INFO : End of Save Models
2024-09-02 21:04:37,948 : INFO : End of Training
