2024-09-02 20:19:51,461 : INFO : Start of Training
2024-09-02 20:19:51,461 : INFO : Run_id:2024-09-02_201951_548161751
2024-09-02 20:19:51,461 : INFO : Start of Data Load, validation and transformation
2024-09-02 20:19:51,461 : INFO : Start of Archiving Old Rejected Files...
2024-09-02 20:19:51,461 : INFO : End of Archiving Old Rejected Files...
2024-09-02 20:19:51,461 : INFO : Start of Archiving Old Validated Files...
2024-09-02 20:19:51,461 : INFO : End of Archiving Old Validated Files...
2024-09-02 20:19:51,461 : INFO : Start of Archiving Old Processed Files...
2024-09-02 20:19:51,461 : INFO : End of Archiving Old Processed Files...
2024-09-02 20:19:51,461 : INFO : Start of Archiving Old Result Files...
2024-09-02 20:19:51,466 : INFO : End of Archiving Old Result Files...
2024-09-02 20:19:51,466 : INFO : Start of Reading values From Schema...
2024-09-02 20:19:51,466 : INFO : End of Reading values From Schema...
2024-09-02 20:19:51,466 : INFO : Start of Validating Column Length...
2024-09-02 20:19:51,466 : INFO : End of Validating Column Length...
2024-09-02 20:19:51,466 : INFO : Start of Validating Missing Values...
2024-09-02 20:19:51,466 : INFO : End of Validating Missing Values...
2024-09-02 20:19:51,466 : INFO : Start of Replacing Missing Values with NULL...
2024-09-02 20:19:51,466 : INFO : End of Replacing Missing Values with NULL...
2024-09-02 20:19:51,466 : INFO : Start of Creating Table...
2024-09-02 20:19:51,485 : INFO : Opened training database successfully
2024-09-02 20:19:51,508 : INFO : Tables created successfully
2024-09-02 20:19:51,508 : INFO : Closed training database successfully
2024-09-02 20:19:51,508 : INFO : End of Creating Table...
2024-09-02 20:19:51,508 : INFO : Opened training database successfully
2024-09-02 20:19:51,508 : INFO : Start of Inserting Data into Table...
2024-09-02 20:19:51,508 : INFO : End of Inserting Data into Table...
2024-09-02 20:19:51,508 : INFO : Start of Exporting Data into CSV...
2024-09-02 20:19:51,508 : INFO : Opened training database successfully
2024-09-02 20:19:51,654 : INFO : End of Exporting Data into CSV...
2024-09-02 20:19:51,654 : INFO : Start of Moving Processed Files...
2024-09-02 20:19:51,669 : INFO : End of Moving Processed Files...
2024-09-02 20:19:51,669 : INFO : End of Data Load, validation and transformation
2024-09-02 20:19:51,669 : INFO : Start of Preprocessing...
2024-09-02 20:19:51,669 : INFO : Start of reading dataset...
2024-09-02 20:19:52,176 : INFO : End of reading dataset...
2024-09-02 20:19:52,176 : INFO : Start of Droping Columns...
2024-09-02 20:19:52,306 : INFO : End of Droping Columns...
2024-09-02 20:19:52,306 : INFO : Start of feature encoding...
2024-09-02 20:19:52,346 : INFO : End of feature encoding...
2024-09-02 20:19:52,362 : INFO : Start of Droping Columns...
2024-09-02 20:19:52,362 : INFO : End of Droping Columns...
2024-09-02 20:19:52,362 : INFO : Start of finding missing values...
2024-09-02 20:19:52,409 : INFO : End of finding missing values...
2024-09-02 20:19:52,409 : INFO : Start of imputing missing values...
2024-09-02 20:19:52,497 : INFO : End of imputing missing values...
2024-09-02 20:19:52,497 : INFO : Start of splitting features and label ...
2024-09-02 20:19:52,497 : INFO : End of splitting features and label ...
2024-09-02 20:19:52,497 : INFO : End of Preprocessing...
2024-09-02 20:19:52,497 : INFO : Start of elbow plotting...
2024-09-02 20:20:07,334 : INFO : The optimum number of clusters is: 3
2024-09-02 20:20:07,334 : INFO : End of elbow plotting...
2024-09-02 20:20:07,334 : INFO : Start of Create clusters...
2024-09-02 20:20:07,356 : INFO : Start of Save Models
2024-09-02 20:20:07,356 : INFO : Start of Save Models
2024-09-02 20:20:07,378 : INFO : Model File KMeans saved
2024-09-02 20:20:07,378 : INFO : Model File KMeans saved
2024-09-02 20:20:07,379 : INFO : End of Save Models
2024-09-02 20:20:07,379 : INFO : End of Save Models
2024-09-02 20:20:07,379 : INFO : succesfully created 3clusters.
2024-09-02 20:20:07,379 : INFO : End of Create clusters...
2024-09-02 20:20:07,549 : INFO : Start of finding best model...
2024-09-02 20:20:07,549 : INFO : Start of finding best params for XGBoost algo...
2024-09-02 20:20:30,088 : INFO : XGBoost best params: {'learning_rate': 0.5, 'max_depth': 5, 'n_estimators': 200}
2024-09-02 20:20:30,088 : INFO : End of finding best params for XGBoost algo...
2024-09-02 20:20:30,277 : INFO : AUC for XGBoost:0.9896320991157139
2024-09-02 20:20:30,277 : INFO : Start of finding best params for randomforest algo...
2024-09-02 20:20:53,575 : INFO : Random Forest best params: {'criterion': 'gini', 'max_depth': 3, 'max_features': 'log2', 'n_estimators': 50}
2024-09-02 20:20:53,575 : INFO : End of finding best params for randomforest algo...
2024-09-02 20:20:53,575 : INFO : AUC for XGBoost:0.9704686243911667
2024-09-02 20:20:53,575 : INFO : End of finding best model...
2024-09-02 20:20:53,575 : INFO : Start of Save Models
2024-09-02 20:20:53,575 : INFO : Start of Save Models
2024-09-02 20:20:53,575 : INFO : Model File XGBoost0 saved
2024-09-02 20:20:53,575 : INFO : Model File XGBoost0 saved
2024-09-02 20:20:53,575 : INFO : End of Save Models
2024-09-02 20:20:53,575 : INFO : End of Save Models
2024-09-02 20:20:53,592 : INFO : Start of finding best model...
2024-09-02 20:20:53,592 : INFO : Start of finding best params for XGBoost algo...
2024-09-02 20:21:25,322 : INFO : XGBoost best params: {'learning_rate': 0.5, 'max_depth': 10, 'n_estimators': 50}
2024-09-02 20:21:25,322 : INFO : End of finding best params for XGBoost algo...
2024-09-02 20:21:25,337 : INFO : AUC for XGBoost:0.9926952272018302
2024-09-02 20:21:25,337 : INFO : Start of finding best params for randomforest algo...
2024-09-02 20:21:40,765 : INFO : Random Forest best params: {'criterion': 'entropy', 'max_depth': 3, 'max_features': 'log2', 'n_estimators': 130}
2024-09-02 20:21:40,765 : INFO : End of finding best params for randomforest algo...
2024-09-02 20:21:40,781 : INFO : AUC for XGBoost:0.9677957436484004
2024-09-02 20:21:40,781 : INFO : End of finding best model...
2024-09-02 20:21:40,781 : INFO : Start of Save Models
2024-09-02 20:21:40,781 : INFO : Start of Save Models
2024-09-02 20:21:40,787 : INFO : Model File XGBoost1 saved
2024-09-02 20:21:40,787 : INFO : Model File XGBoost1 saved
2024-09-02 20:21:40,788 : INFO : End of Save Models
2024-09-02 20:21:40,788 : INFO : End of Save Models
2024-09-02 20:21:40,790 : INFO : Start of finding best model...
2024-09-02 20:21:40,790 : INFO : Start of finding best params for XGBoost algo...
2024-09-02 20:22:23,742 : INFO : XGBoost best params: {'learning_rate': 0.5, 'max_depth': 10, 'n_estimators': 50}
2024-09-02 20:22:23,742 : INFO : End of finding best params for XGBoost algo...
2024-09-02 20:22:23,766 : INFO : AUC for XGBoost:0.965684145998825
2024-09-02 20:22:23,766 : INFO : Start of finding best params for randomforest algo...
2024-09-02 20:22:40,570 : INFO : Random Forest best params: {'criterion': 'entropy', 'max_depth': 3, 'max_features': 'log2', 'n_estimators': 100}
2024-09-02 20:22:40,570 : INFO : End of finding best params for randomforest algo...
2024-09-02 20:22:40,586 : INFO : AUC for XGBoost:0.8179484559781359
2024-09-02 20:22:40,586 : INFO : End of finding best model...
2024-09-02 20:22:40,586 : INFO : Start of Save Models
2024-09-02 20:22:40,586 : INFO : Start of Save Models
2024-09-02 20:22:40,599 : INFO : Model File XGBoost2 saved
2024-09-02 20:22:40,599 : INFO : Model File XGBoost2 saved
2024-09-02 20:22:40,599 : INFO : End of Save Models
2024-09-02 20:22:40,599 : INFO : End of Save Models
2024-09-02 20:22:40,599 : INFO : End of Training
