2024-09-02 20:48:01,268 : INFO : Start of Training
2024-09-02 20:48:01,268 : INFO : Run_id:2024-09-02_204801_555688179
2024-09-02 20:48:01,268 : INFO : Start of Data Load, validation and transformation
2024-09-02 20:48:01,268 : INFO : Start of Archiving Old Rejected Files...
2024-09-02 20:48:01,268 : INFO : End of Archiving Old Rejected Files...
2024-09-02 20:48:01,268 : INFO : Start of Archiving Old Validated Files...
2024-09-02 20:48:01,271 : INFO : End of Archiving Old Validated Files...
2024-09-02 20:48:01,271 : INFO : Start of Archiving Old Processed Files...
2024-09-02 20:48:01,272 : INFO : End of Archiving Old Processed Files...
2024-09-02 20:48:01,272 : INFO : Start of Archiving Old Result Files...
2024-09-02 20:48:01,272 : INFO : End of Archiving Old Result Files...
2024-09-02 20:48:01,272 : INFO : Start of Reading values From Schema...
2024-09-02 20:48:01,272 : INFO : End of Reading values From Schema...
2024-09-02 20:48:01,272 : INFO : Start of Validating Column Length...
2024-09-02 20:48:01,272 : INFO : End of Validating Column Length...
2024-09-02 20:48:01,272 : INFO : Start of Validating Missing Values...
2024-09-02 20:48:01,272 : INFO : End of Validating Missing Values...
2024-09-02 20:48:01,272 : INFO : Start of Replacing Missing Values with NULL...
2024-09-02 20:48:01,272 : INFO : End of Replacing Missing Values with NULL...
2024-09-02 20:48:01,272 : INFO : Start of Creating Table...
2024-09-02 20:48:01,272 : INFO : Opened training database successfully
2024-09-02 20:48:01,274 : INFO : Tables created successfully
2024-09-02 20:48:01,274 : INFO : Closed training database successfully
2024-09-02 20:48:01,274 : INFO : End of Creating Table...
2024-09-02 20:48:01,274 : INFO : Opened training database successfully
2024-09-02 20:48:01,274 : INFO : Start of Inserting Data into Table...
2024-09-02 20:48:01,275 : INFO : End of Inserting Data into Table...
2024-09-02 20:48:01,275 : INFO : Start of Exporting Data into CSV...
2024-09-02 20:48:01,275 : INFO : Opened training database successfully
2024-09-02 20:48:01,374 : INFO : End of Exporting Data into CSV...
2024-09-02 20:48:01,374 : INFO : Start of Moving Processed Files...
2024-09-02 20:48:01,374 : INFO : End of Moving Processed Files...
2024-09-02 20:48:01,374 : INFO : End of Data Load, validation and transformation
2024-09-02 20:48:01,374 : INFO : Start of Preprocessing...
2024-09-02 20:48:01,374 : INFO : Start of reading dataset...
2024-09-02 20:48:01,406 : INFO : End of reading dataset...
2024-09-02 20:48:01,406 : INFO : Start of Droping Columns...
2024-09-02 20:48:01,406 : INFO : End of Droping Columns...
2024-09-02 20:48:01,406 : INFO : Start of feature encoding...
2024-09-02 20:48:01,414 : INFO : End of feature encoding...
2024-09-02 20:48:01,414 : INFO : Start of Droping Columns...
2024-09-02 20:48:01,414 : INFO : End of Droping Columns...
2024-09-02 20:48:01,414 : INFO : Start of finding missing values...
2024-09-02 20:48:01,425 : INFO : End of finding missing values...
2024-09-02 20:48:01,426 : INFO : Start of imputing missing values...
2024-09-02 20:48:01,442 : INFO : End of imputing missing values...
2024-09-02 20:48:01,442 : INFO : Start of splitting features and label ...
2024-09-02 20:48:01,442 : INFO : End of splitting features and label ...
2024-09-02 20:48:01,442 : INFO : End of Preprocessing...
2024-09-02 20:48:01,442 : INFO : Start of elbow plotting...
2024-09-02 20:48:02,087 : INFO : The optimum number of clusters is: 3
2024-09-02 20:48:02,087 : INFO : End of elbow plotting...
2024-09-02 20:48:02,087 : INFO : Start of Create clusters...
2024-09-02 20:48:02,106 : INFO : Start of Save Models
2024-09-02 20:48:02,106 : INFO : Start of Save Models
2024-09-02 20:48:02,110 : INFO : Model File KMeans saved
2024-09-02 20:48:02,110 : INFO : Model File KMeans saved
2024-09-02 20:48:02,111 : INFO : End of Save Models
2024-09-02 20:48:02,111 : INFO : End of Save Models
2024-09-02 20:48:02,111 : INFO : succesfully created 3clusters.
2024-09-02 20:48:02,112 : INFO : End of Create clusters...
2024-09-02 20:48:02,113 : INFO : Start of finding best model...
2024-09-02 20:48:02,113 : INFO : Start of finding best params for XGBoost algo...
