2024-09-02 20:49:39,351 : INFO : Start of Training
2024-09-02 20:49:39,364 : INFO : Run_id:2024-09-02_204939_463471717
2024-09-02 20:49:39,364 : INFO : Start of Data Load, validation and transformation
2024-09-02 20:49:39,364 : INFO : Start of Archiving Old Rejected Files...
2024-09-02 20:49:39,364 : INFO : End of Archiving Old Rejected Files...
2024-09-02 20:49:39,364 : INFO : Start of Archiving Old Validated Files...
2024-09-02 20:49:39,368 : INFO : End of Archiving Old Validated Files...
2024-09-02 20:49:39,368 : INFO : Start of Archiving Old Processed Files...
2024-09-02 20:49:39,384 : INFO : End of Archiving Old Processed Files...
2024-09-02 20:49:39,384 : INFO : Start of Archiving Old Result Files...
2024-09-02 20:49:39,384 : INFO : End of Archiving Old Result Files...
2024-09-02 20:49:39,384 : INFO : Start of Reading values From Schema...
2024-09-02 20:49:39,384 : INFO : End of Reading values From Schema...
2024-09-02 20:49:39,384 : INFO : Start of Validating Column Length...
2024-09-02 20:49:39,384 : INFO : End of Validating Column Length...
2024-09-02 20:49:39,384 : INFO : Start of Validating Missing Values...
2024-09-02 20:49:39,384 : INFO : End of Validating Missing Values...
2024-09-02 20:49:39,384 : INFO : Start of Replacing Missing Values with NULL...
2024-09-02 20:49:39,384 : INFO : End of Replacing Missing Values with NULL...
2024-09-02 20:49:39,384 : INFO : Start of Creating Table...
2024-09-02 20:49:39,384 : INFO : Opened training database successfully
2024-09-02 20:49:39,384 : INFO : Tables created successfully
2024-09-02 20:49:39,384 : INFO : Closed training database successfully
2024-09-02 20:49:39,384 : INFO : End of Creating Table...
2024-09-02 20:49:39,392 : INFO : Opened training database successfully
2024-09-02 20:49:39,392 : INFO : Start of Inserting Data into Table...
2024-09-02 20:49:39,392 : INFO : End of Inserting Data into Table...
2024-09-02 20:49:39,392 : INFO : Start of Exporting Data into CSV...
2024-09-02 20:49:39,392 : INFO : Opened training database successfully
2024-09-02 20:49:39,481 : INFO : End of Exporting Data into CSV...
2024-09-02 20:49:39,481 : INFO : Start of Moving Processed Files...
2024-09-02 20:49:39,481 : INFO : End of Moving Processed Files...
2024-09-02 20:49:39,481 : INFO : End of Data Load, validation and transformation
2024-09-02 20:49:39,481 : INFO : Start of Preprocessing...
2024-09-02 20:49:39,481 : INFO : Start of reading dataset...
2024-09-02 20:49:39,502 : INFO : End of reading dataset...
2024-09-02 20:49:39,510 : INFO : Start of Droping Columns...
2024-09-02 20:49:39,510 : INFO : End of Droping Columns...
2024-09-02 20:49:39,510 : INFO : Start of feature encoding...
2024-09-02 20:49:39,515 : INFO : End of feature encoding...
2024-09-02 20:49:39,515 : INFO : Start of Droping Columns...
2024-09-02 20:49:39,515 : INFO : End of Droping Columns...
2024-09-02 20:49:39,515 : INFO : Start of finding missing values...
2024-09-02 20:49:39,522 : INFO : End of finding missing values...
2024-09-02 20:49:39,525 : INFO : Start of imputing missing values...
2024-09-02 20:49:39,555 : INFO : End of imputing missing values...
2024-09-02 20:49:39,557 : INFO : Start of splitting features and label ...
2024-09-02 20:49:39,557 : INFO : End of splitting features and label ...
2024-09-02 20:49:39,557 : INFO : End of Preprocessing...
2024-09-02 20:49:39,557 : INFO : Start of elbow plotting...
2024-09-02 20:49:40,163 : INFO : The optimum number of clusters is: 3
2024-09-02 20:49:40,163 : INFO : End of elbow plotting...
2024-09-02 20:49:40,163 : ERROR : Unsuccessful End of Training
Traceback (most recent call last):
  File "C:\Users\SHUBHAM MURTADAK\project1\project2\ML_v1\apps\training\train_model.py", line 67, in training_model
    self.logger.info("Number of clusters created :",number_of_clusters)
TypeError: Logger.info() takes 2 positional arguments but 3 were given
