2024-09-02 20:41:37,225 : INFO : Start of Training
2024-09-02 20:41:37,231 : INFO : Run_id:2024-09-02_204137_871545073
2024-09-02 20:41:37,231 : INFO : Start of Data Load, validation and transformation
2024-09-02 20:41:37,231 : INFO : Start of Archiving Old Rejected Files...
2024-09-02 20:41:37,231 : INFO : End of Archiving Old Rejected Files...
2024-09-02 20:41:37,231 : INFO : Start of Archiving Old Validated Files...
2024-09-02 20:41:37,235 : INFO : End of Archiving Old Validated Files...
2024-09-02 20:41:37,236 : INFO : Start of Archiving Old Processed Files...
2024-09-02 20:41:37,236 : INFO : End of Archiving Old Processed Files...
2024-09-02 20:41:37,236 : INFO : Start of Archiving Old Result Files...
2024-09-02 20:41:37,236 : INFO : End of Archiving Old Result Files...
2024-09-02 20:41:37,236 : INFO : Start of Reading values From Schema...
2024-09-02 20:41:37,236 : INFO : End of Reading values From Schema...
2024-09-02 20:41:37,236 : INFO : Start of Validating Column Length...
2024-09-02 20:41:37,236 : INFO : End of Validating Column Length...
2024-09-02 20:41:37,236 : INFO : Start of Validating Missing Values...
2024-09-02 20:41:37,236 : INFO : End of Validating Missing Values...
2024-09-02 20:41:37,236 : INFO : Start of Replacing Missing Values with NULL...
2024-09-02 20:41:37,236 : INFO : End of Replacing Missing Values with NULL...
2024-09-02 20:41:37,236 : INFO : Start of Creating Table...
2024-09-02 20:41:37,236 : INFO : Opened training database successfully
2024-09-02 20:41:37,236 : INFO : Tables created successfully
2024-09-02 20:41:37,236 : INFO : Closed training database successfully
2024-09-02 20:41:37,236 : INFO : End of Creating Table...
2024-09-02 20:41:37,236 : INFO : Opened training database successfully
2024-09-02 20:41:37,236 : INFO : Start of Inserting Data into Table...
2024-09-02 20:41:37,236 : INFO : End of Inserting Data into Table...
2024-09-02 20:41:37,236 : INFO : Start of Exporting Data into CSV...
2024-09-02 20:41:37,236 : INFO : Opened training database successfully
2024-09-02 20:41:37,314 : INFO : End of Exporting Data into CSV...
2024-09-02 20:41:37,314 : INFO : Start of Moving Processed Files...
2024-09-02 20:41:37,322 : INFO : End of Moving Processed Files...
2024-09-02 20:41:37,322 : INFO : End of Data Load, validation and transformation
2024-09-02 20:41:37,322 : INFO : Start of Preprocessing...
2024-09-02 20:41:37,322 : INFO : Start of reading dataset...
2024-09-02 20:41:37,350 : INFO : End of reading dataset...
2024-09-02 20:41:37,350 : INFO : Start of Droping Columns...
2024-09-02 20:41:37,350 : INFO : End of Droping Columns...
2024-09-02 20:41:37,350 : INFO : Start of feature encoding...
2024-09-02 20:41:37,350 : INFO : End of feature encoding...
2024-09-02 20:41:37,350 : INFO : Start of Droping Columns...
2024-09-02 20:41:37,350 : INFO : End of Droping Columns...
2024-09-02 20:41:37,350 : INFO : Start of finding missing values...
2024-09-02 20:41:37,362 : INFO : End of finding missing values...
2024-09-02 20:41:37,362 : INFO : Start of imputing missing values...
2024-09-02 20:41:37,379 : INFO : End of imputing missing values...
2024-09-02 20:41:37,379 : INFO : Start of splitting features and label ...
2024-09-02 20:41:37,379 : INFO : End of splitting features and label ...
2024-09-02 20:41:37,379 : INFO : End of Preprocessing...
2024-09-02 20:41:37,379 : INFO : Start of elbow plotting...
2024-09-02 20:41:38,198 : INFO : The optimum number of clusters is: 3
2024-09-02 20:41:38,198 : INFO : End of elbow plotting...
2024-09-02 20:41:38,198 : INFO : Start of Create clusters...
2024-09-02 20:41:38,198 : INFO : Start of Save Models
2024-09-02 20:41:38,198 : INFO : Start of Save Models
2024-09-02 20:41:38,216 : INFO : Model File KMeans saved
2024-09-02 20:41:38,216 : INFO : Model File KMeans saved
2024-09-02 20:41:38,216 : INFO : End of Save Models
2024-09-02 20:41:38,216 : INFO : End of Save Models
2024-09-02 20:41:38,216 : INFO : succesfully created 3clusters.
2024-09-02 20:41:38,216 : INFO : End of Create clusters...
2024-09-02 20:41:38,222 : INFO : Start of finding best model...
2024-09-02 20:41:38,222 : INFO : Start of finding best params for XGBoost algo...
2024-09-02 20:42:11,977 : INFO : XGBoost best params: {'learning_rate': 0.5, 'max_depth': 5, 'n_estimators': 200}
2024-09-02 20:42:11,977 : INFO : End of finding best params for XGBoost algo...
2024-09-02 20:42:11,993 : INFO : AUC for XGBoost:0.9896320991157139
2024-09-02 20:42:11,993 : INFO : Start of finding best params for randomforest algo...
2024-09-02 20:42:39,401 : INFO : Random Forest best params: {'criterion': 'gini', 'max_depth': 3, 'max_features': 'sqrt', 'n_estimators': 130}
2024-09-02 20:42:39,401 : INFO : End of finding best params for randomforest algo...
2024-09-02 20:42:39,416 : INFO : AUC for RandomForest:0.9704686243911667
2024-09-02 20:42:39,416 : INFO : End of finding best model...
2024-09-02 20:42:39,416 : INFO : XGBoost is the best model
2024-09-02 20:42:39,416 : INFO : Start of Save Models
2024-09-02 20:42:39,416 : INFO : Start of Save Models
2024-09-02 20:42:39,430 : INFO : Model File XGBoost0 saved
2024-09-02 20:42:39,430 : INFO : Model File XGBoost0 saved
2024-09-02 20:42:39,432 : INFO : End of Save Models
2024-09-02 20:42:39,432 : INFO : End of Save Models
2024-09-02 20:42:39,432 : INFO : Start of finding best model...
2024-09-02 20:42:39,432 : INFO : Start of finding best params for XGBoost algo...
2024-09-02 20:43:44,254 : INFO : XGBoost best params: {'learning_rate': 0.5, 'max_depth': 10, 'n_estimators': 50}
2024-09-02 20:43:44,254 : INFO : End of finding best params for XGBoost algo...
2024-09-02 20:43:44,276 : INFO : AUC for XGBoost:0.9926952272018302
2024-09-02 20:43:44,276 : INFO : Start of finding best params for randomforest algo...
2024-09-02 20:44:21,542 : INFO : Random Forest best params: {'criterion': 'entropy', 'max_depth': 3, 'max_features': 'log2', 'n_estimators': 100}
2024-09-02 20:44:21,542 : INFO : End of finding best params for randomforest algo...
2024-09-02 20:44:21,542 : INFO : AUC for RandomForest:0.9648495719385809
2024-09-02 20:44:21,542 : INFO : End of finding best model...
2024-09-02 20:44:21,542 : INFO : XGBoost is the best model
2024-09-02 20:44:21,542 : INFO : Start of Save Models
2024-09-02 20:44:21,542 : INFO : Start of Save Models
2024-09-02 20:44:21,559 : INFO : Model File XGBoost1 saved
2024-09-02 20:44:21,559 : INFO : Model File XGBoost1 saved
2024-09-02 20:44:21,559 : INFO : End of Save Models
2024-09-02 20:44:21,559 : INFO : End of Save Models
2024-09-02 20:44:21,564 : INFO : Start of finding best model...
2024-09-02 20:44:21,564 : INFO : Start of finding best params for XGBoost algo...
