2024-09-02 20:24:18,334 : INFO : Start of Training
2024-09-02 20:24:18,334 : INFO : Run_id:2024-09-02_202418_652836043
2024-09-02 20:24:18,334 : INFO : Start of Data Load, validation and transformation
2024-09-02 20:24:18,334 : INFO : Start of Archiving Old Rejected Files...
2024-09-02 20:24:18,334 : INFO : End of Archiving Old Rejected Files...
2024-09-02 20:24:18,334 : INFO : Start of Archiving Old Validated Files...
2024-09-02 20:24:18,338 : INFO : End of Archiving Old Validated Files...
2024-09-02 20:24:18,338 : INFO : Start of Archiving Old Processed Files...
2024-09-02 20:24:18,338 : INFO : End of Archiving Old Processed Files...
2024-09-02 20:24:18,338 : INFO : Start of Archiving Old Result Files...
2024-09-02 20:24:18,338 : INFO : End of Archiving Old Result Files...
2024-09-02 20:24:18,338 : INFO : Start of Reading values From Schema...
2024-09-02 20:24:18,338 : INFO : End of Reading values From Schema...
2024-09-02 20:24:18,338 : INFO : Start of Validating Column Length...
2024-09-02 20:24:18,338 : INFO : End of Validating Column Length...
2024-09-02 20:24:18,338 : INFO : Start of Validating Missing Values...
2024-09-02 20:24:18,338 : INFO : End of Validating Missing Values...
2024-09-02 20:24:18,338 : INFO : Start of Replacing Missing Values with NULL...
2024-09-02 20:24:18,338 : INFO : End of Replacing Missing Values with NULL...
2024-09-02 20:24:18,338 : INFO : Start of Creating Table...
2024-09-02 20:24:18,338 : INFO : Opened training database successfully
2024-09-02 20:24:18,338 : INFO : Tables created successfully
2024-09-02 20:24:18,338 : INFO : Closed training database successfully
2024-09-02 20:24:18,338 : INFO : End of Creating Table...
2024-09-02 20:24:18,338 : INFO : Opened training database successfully
2024-09-02 20:24:18,338 : INFO : Start of Inserting Data into Table...
2024-09-02 20:24:18,338 : INFO : End of Inserting Data into Table...
2024-09-02 20:24:18,338 : INFO : Start of Exporting Data into CSV...
2024-09-02 20:24:18,338 : INFO : Opened training database successfully
2024-09-02 20:24:18,441 : INFO : End of Exporting Data into CSV...
2024-09-02 20:24:18,441 : INFO : Start of Moving Processed Files...
2024-09-02 20:24:18,441 : INFO : End of Moving Processed Files...
2024-09-02 20:24:18,441 : INFO : End of Data Load, validation and transformation
2024-09-02 20:24:18,441 : INFO : Start of Preprocessing...
2024-09-02 20:24:18,441 : INFO : Start of reading dataset...
2024-09-02 20:24:18,481 : INFO : End of reading dataset...
2024-09-02 20:24:18,481 : INFO : Start of Droping Columns...
2024-09-02 20:24:18,481 : INFO : End of Droping Columns...
2024-09-02 20:24:18,481 : INFO : Start of feature encoding...
2024-09-02 20:24:18,481 : INFO : End of feature encoding...
2024-09-02 20:24:18,481 : INFO : Start of Droping Columns...
2024-09-02 20:24:18,481 : INFO : End of Droping Columns...
2024-09-02 20:24:18,481 : INFO : Start of finding missing values...
2024-09-02 20:24:18,497 : INFO : End of finding missing values...
2024-09-02 20:24:18,497 : INFO : Start of imputing missing values...
2024-09-02 20:24:18,513 : INFO : End of imputing missing values...
2024-09-02 20:24:18,513 : INFO : Start of splitting features and label ...
2024-09-02 20:24:18,513 : INFO : End of splitting features and label ...
2024-09-02 20:24:18,513 : INFO : End of Preprocessing...
2024-09-02 20:24:18,513 : INFO : Start of elbow plotting...
2024-09-02 20:24:19,278 : INFO : The optimum number of clusters is: 3
2024-09-02 20:24:19,278 : INFO : End of elbow plotting...
2024-09-02 20:24:19,278 : INFO : Start of Create clusters...
2024-09-02 20:24:19,294 : INFO : Start of Save Models
2024-09-02 20:24:19,294 : INFO : Start of Save Models
2024-09-02 20:24:19,307 : INFO : Model File KMeans saved
2024-09-02 20:24:19,307 : INFO : Model File KMeans saved
2024-09-02 20:24:19,307 : INFO : End of Save Models
2024-09-02 20:24:19,307 : INFO : End of Save Models
2024-09-02 20:24:19,309 : INFO : succesfully created 3clusters.
2024-09-02 20:24:19,309 : INFO : End of Create clusters...
2024-09-02 20:24:19,309 : INFO : Start of finding best model...
2024-09-02 20:24:19,309 : INFO : Start of finding best params for XGBoost algo...
2024-09-02 20:24:54,377 : INFO : XGBoost best params: {'learning_rate': 0.5, 'max_depth': 5, 'n_estimators': 200}
2024-09-02 20:24:54,377 : INFO : End of finding best params for XGBoost algo...
2024-09-02 20:24:54,400 : INFO : AUC for XGBoost:0.9896320991157139
2024-09-02 20:24:54,400 : INFO : Start of finding best params for randomforest algo...
2024-09-02 20:25:12,652 : INFO : Random Forest best params: {'criterion': 'gini', 'max_depth': 3, 'max_features': 'log2', 'n_estimators': 100}
2024-09-02 20:25:12,652 : INFO : End of finding best params for randomforest algo...
2024-09-02 20:25:12,669 : INFO : AUC for XGBoost:0.9704686243911667
2024-09-02 20:25:12,669 : INFO : End of finding best model...
2024-09-02 20:25:12,669 : INFO : Start of Save Models
2024-09-02 20:25:12,669 : INFO : Start of Save Models
2024-09-02 20:25:12,685 : INFO : Model File XGBoost0 saved
2024-09-02 20:25:12,685 : INFO : Model File XGBoost0 saved
2024-09-02 20:25:12,685 : INFO : End of Save Models
2024-09-02 20:25:12,685 : INFO : End of Save Models
2024-09-02 20:25:12,690 : INFO : Start of finding best model...
2024-09-02 20:25:12,690 : INFO : Start of finding best params for XGBoost algo...
2024-09-02 20:26:27,900 : INFO : XGBoost best params: {'learning_rate': 0.5, 'max_depth': 10, 'n_estimators': 50}
2024-09-02 20:26:27,900 : INFO : End of finding best params for XGBoost algo...
2024-09-02 20:26:27,932 : INFO : AUC for XGBoost:0.9926952272018302
2024-09-02 20:26:27,932 : INFO : Start of finding best params for randomforest algo...
2024-09-02 20:26:45,431 : INFO : Random Forest best params: {'criterion': 'gini', 'max_depth': 3, 'max_features': 'log2', 'n_estimators': 130}
2024-09-02 20:26:45,431 : INFO : End of finding best params for randomforest algo...
2024-09-02 20:26:45,439 : INFO : AUC for XGBoost:0.9685626148140446
2024-09-02 20:26:45,439 : INFO : End of finding best model...
2024-09-02 20:26:45,439 : INFO : Start of Save Models
2024-09-02 20:26:45,439 : INFO : Start of Save Models
2024-09-02 20:26:45,449 : INFO : Model File XGBoost1 saved
2024-09-02 20:26:45,449 : INFO : Model File XGBoost1 saved
2024-09-02 20:26:45,449 : INFO : End of Save Models
2024-09-02 20:26:45,449 : INFO : End of Save Models
2024-09-02 20:26:45,449 : INFO : Start of finding best model...
2024-09-02 20:26:45,449 : INFO : Start of finding best params for XGBoost algo...
