2024-09-02 20:50:20,293 : INFO : Start of Training
2024-09-02 20:50:20,293 : INFO : Run_id:2024-09-02_205020_636015265
2024-09-02 20:50:20,293 : INFO : Start of Data Load, validation and transformation
2024-09-02 20:50:20,293 : INFO : Start of Archiving Old Rejected Files...
2024-09-02 20:50:20,293 : INFO : End of Archiving Old Rejected Files...
2024-09-02 20:50:20,293 : INFO : Start of Archiving Old Validated Files...
2024-09-02 20:50:20,302 : INFO : End of Archiving Old Validated Files...
2024-09-02 20:50:20,302 : INFO : Start of Archiving Old Processed Files...
2024-09-02 20:50:20,433 : INFO : End of Archiving Old Processed Files...
2024-09-02 20:50:20,433 : INFO : Start of Archiving Old Result Files...
2024-09-02 20:50:20,433 : INFO : End of Archiving Old Result Files...
2024-09-02 20:50:20,433 : INFO : Start of Reading values From Schema...
2024-09-02 20:50:20,433 : INFO : End of Reading values From Schema...
2024-09-02 20:50:20,433 : INFO : Start of Validating Column Length...
2024-09-02 20:50:20,433 : INFO : End of Validating Column Length...
2024-09-02 20:50:20,433 : INFO : Start of Validating Missing Values...
2024-09-02 20:50:20,433 : INFO : End of Validating Missing Values...
2024-09-02 20:50:20,433 : INFO : Start of Replacing Missing Values with NULL...
2024-09-02 20:50:20,433 : INFO : End of Replacing Missing Values with NULL...
2024-09-02 20:50:20,433 : INFO : Start of Creating Table...
2024-09-02 20:50:20,433 : INFO : Opened training database successfully
2024-09-02 20:50:20,433 : INFO : Tables created successfully
2024-09-02 20:50:20,433 : INFO : Closed training database successfully
2024-09-02 20:50:20,433 : INFO : End of Creating Table...
2024-09-02 20:50:20,433 : INFO : Opened training database successfully
2024-09-02 20:50:20,433 : INFO : Start of Inserting Data into Table...
2024-09-02 20:50:20,433 : INFO : End of Inserting Data into Table...
2024-09-02 20:50:20,433 : INFO : Start of Exporting Data into CSV...
2024-09-02 20:50:20,433 : INFO : Opened training database successfully
2024-09-02 20:50:20,511 : INFO : End of Exporting Data into CSV...
2024-09-02 20:50:20,511 : INFO : Start of Moving Processed Files...
2024-09-02 20:50:20,511 : INFO : End of Moving Processed Files...
2024-09-02 20:50:20,511 : INFO : End of Data Load, validation and transformation
2024-09-02 20:50:20,511 : INFO : Start of Preprocessing...
2024-09-02 20:50:20,511 : INFO : Start of reading dataset...
2024-09-02 20:50:20,558 : INFO : End of reading dataset...
2024-09-02 20:50:20,558 : INFO : Start of Droping Columns...
2024-09-02 20:50:20,558 : INFO : End of Droping Columns...
2024-09-02 20:50:20,558 : INFO : Start of feature encoding...
2024-09-02 20:50:20,558 : INFO : End of feature encoding...
2024-09-02 20:50:20,558 : INFO : Start of Droping Columns...
2024-09-02 20:50:20,558 : INFO : End of Droping Columns...
2024-09-02 20:50:20,558 : INFO : Start of finding missing values...
2024-09-02 20:50:20,577 : INFO : End of finding missing values...
2024-09-02 20:50:20,577 : INFO : Start of imputing missing values...
2024-09-02 20:50:20,593 : INFO : End of imputing missing values...
2024-09-02 20:50:20,593 : INFO : Start of splitting features and label ...
2024-09-02 20:50:20,593 : INFO : End of splitting features and label ...
2024-09-02 20:50:20,593 : INFO : End of Preprocessing...
2024-09-02 20:50:20,593 : INFO : Start of elbow plotting...
2024-09-02 20:50:21,243 : INFO : The optimum number of clusters is: 3
2024-09-02 20:50:21,243 : INFO : End of elbow plotting...
2024-09-02 20:50:21,243 : INFO : Number of clusters created :3
2024-09-02 20:50:21,243 : INFO : Start of Create clusters...
2024-09-02 20:50:21,261 : INFO : Start of Save Models
2024-09-02 20:50:21,261 : INFO : Start of Save Models
2024-09-02 20:50:21,268 : INFO : Model File KMeans saved
2024-09-02 20:50:21,268 : INFO : Model File KMeans saved
2024-09-02 20:50:21,268 : INFO : End of Save Models
2024-09-02 20:50:21,268 : INFO : End of Save Models
2024-09-02 20:50:21,269 : INFO : succesfully created 3clusters.
2024-09-02 20:50:21,270 : INFO : End of Create clusters...
2024-09-02 20:50:21,276 : INFO : Start of finding best model...
2024-09-02 20:50:21,276 : INFO : Start of finding best params for XGBoost algo...
2024-09-02 20:51:36,580 : INFO : XGBoost best params: {'learning_rate': 0.5, 'max_depth': 5, 'n_estimators': 200}
2024-09-02 20:51:36,580 : INFO : End of finding best params for XGBoost algo...
2024-09-02 20:51:36,596 : INFO : AUC for XGBoost:0.9896320991157139
2024-09-02 20:51:36,612 : INFO : Start of finding best params for randomforest algo...
2024-09-02 20:52:05,045 : INFO : Random Forest best params: {'criterion': 'entropy', 'max_depth': 3, 'max_features': 'log2', 'n_estimators': 100}
2024-09-02 20:52:05,045 : INFO : End of finding best params for randomforest algo...
2024-09-02 20:52:05,064 : INFO : AUC for RandomForest:0.9704686243911667
2024-09-02 20:52:05,064 : INFO : End of finding best model...
2024-09-02 20:52:05,064 : INFO : XGBoost is the best model
2024-09-02 20:52:05,064 : INFO : Start of Save Models
2024-09-02 20:52:05,064 : INFO : Start of Save Models
2024-09-02 20:52:05,064 : INFO : Model File XGBoost0 saved
2024-09-02 20:52:05,064 : INFO : Model File XGBoost0 saved
2024-09-02 20:52:05,074 : INFO : End of Save Models
2024-09-02 20:52:05,074 : INFO : End of Save Models
2024-09-02 20:52:05,074 : INFO : Start of finding best model...
2024-09-02 20:52:05,074 : INFO : Start of finding best params for XGBoost algo...
2024-09-02 20:53:12,945 : INFO : XGBoost best params: {'learning_rate': 0.5, 'max_depth': 10, 'n_estimators': 50}
2024-09-02 20:53:12,945 : INFO : End of finding best params for XGBoost algo...
2024-09-02 20:53:12,961 : INFO : AUC for XGBoost:0.9926952272018302
2024-09-02 20:53:12,961 : INFO : Start of finding best params for randomforest algo...
2024-09-02 20:53:48,882 : INFO : Random Forest best params: {'criterion': 'entropy', 'max_depth': 3, 'max_features': 'sqrt', 'n_estimators': 50}
2024-09-02 20:53:48,882 : INFO : End of finding best params for randomforest algo...
2024-09-02 20:53:48,882 : INFO : AUC for RandomForest:0.9631945166545354
2024-09-02 20:53:48,882 : INFO : End of finding best model...
2024-09-02 20:53:48,882 : INFO : XGBoost is the best model
2024-09-02 20:53:48,882 : INFO : Start of Save Models
2024-09-02 20:53:48,882 : INFO : Start of Save Models
2024-09-02 20:53:48,897 : INFO : Model File XGBoost1 saved
2024-09-02 20:53:48,897 : INFO : Model File XGBoost1 saved
2024-09-02 20:53:48,901 : INFO : End of Save Models
2024-09-02 20:53:48,901 : INFO : End of Save Models
2024-09-02 20:53:48,902 : INFO : Start of finding best model...
2024-09-02 20:53:48,902 : INFO : Start of finding best params for XGBoost algo...
2024-09-02 20:55:39,725 : INFO : XGBoost best params: {'learning_rate': 0.5, 'max_depth': 10, 'n_estimators': 50}
2024-09-02 20:55:39,725 : INFO : End of finding best params for XGBoost algo...
2024-09-02 20:55:39,756 : INFO : AUC for XGBoost:0.965684145998825
2024-09-02 20:55:39,756 : INFO : Start of finding best params for randomforest algo...
2024-09-02 20:56:18,266 : INFO : Random Forest best params: {'criterion': 'entropy', 'max_depth': 3, 'max_features': 'sqrt', 'n_estimators': 50}
2024-09-02 20:56:18,266 : INFO : End of finding best params for randomforest algo...
2024-09-02 20:56:18,278 : INFO : AUC for RandomForest:0.8285867538504763
2024-09-02 20:56:18,278 : INFO : End of finding best model...
2024-09-02 20:56:18,278 : INFO : XGBoost is the best model
2024-09-02 20:56:18,278 : INFO : Start of Save Models
2024-09-02 20:56:18,278 : INFO : Start of Save Models
2024-09-02 20:56:18,285 : INFO : Model File XGBoost2 saved
2024-09-02 20:56:18,285 : INFO : Model File XGBoost2 saved
2024-09-02 20:56:18,285 : INFO : End of Save Models
2024-09-02 20:56:18,285 : INFO : End of Save Models
2024-09-02 20:56:18,285 : INFO : End of Training
