2024-09-02 20:34:26,950 : INFO : Start of Training
2024-09-02 20:34:26,950 : INFO : Run_id:2024-09-02_203426_728767662
2024-09-02 20:34:26,950 : INFO : Start of Data Load, validation and transformation
2024-09-02 20:34:26,950 : INFO : Start of Archiving Old Rejected Files...
2024-09-02 20:34:26,950 : INFO : End of Archiving Old Rejected Files...
2024-09-02 20:34:26,950 : INFO : Start of Archiving Old Validated Files...
2024-09-02 20:34:26,969 : INFO : End of Archiving Old Validated Files...
2024-09-02 20:34:26,969 : INFO : Start of Archiving Old Processed Files...
2024-09-02 20:34:26,969 : INFO : End of Archiving Old Processed Files...
2024-09-02 20:34:26,969 : INFO : Start of Archiving Old Result Files...
2024-09-02 20:34:26,969 : INFO : End of Archiving Old Result Files...
2024-09-02 20:34:26,969 : INFO : Start of Reading values From Schema...
2024-09-02 20:34:26,969 : INFO : End of Reading values From Schema...
2024-09-02 20:34:26,979 : INFO : Start of Validating Column Length...
2024-09-02 20:34:26,979 : INFO : End of Validating Column Length...
2024-09-02 20:34:26,979 : INFO : Start of Validating Missing Values...
2024-09-02 20:34:26,979 : INFO : End of Validating Missing Values...
2024-09-02 20:34:26,979 : INFO : Start of Replacing Missing Values with NULL...
2024-09-02 20:34:26,979 : INFO : End of Replacing Missing Values with NULL...
2024-09-02 20:34:26,979 : INFO : Start of Creating Table...
2024-09-02 20:34:26,979 : INFO : Opened training database successfully
2024-09-02 20:34:26,979 : INFO : Tables created successfully
2024-09-02 20:34:26,979 : INFO : Closed training database successfully
2024-09-02 20:34:26,979 : INFO : End of Creating Table...
2024-09-02 20:34:26,979 : INFO : Opened training database successfully
2024-09-02 20:34:26,979 : INFO : Start of Inserting Data into Table...
2024-09-02 20:34:26,979 : INFO : End of Inserting Data into Table...
2024-09-02 20:34:26,979 : INFO : Start of Exporting Data into CSV...
2024-09-02 20:34:26,979 : INFO : Opened training database successfully
2024-09-02 20:34:27,072 : INFO : End of Exporting Data into CSV...
2024-09-02 20:34:27,072 : INFO : Start of Moving Processed Files...
2024-09-02 20:34:27,072 : INFO : End of Moving Processed Files...
2024-09-02 20:34:27,072 : INFO : End of Data Load, validation and transformation
2024-09-02 20:34:27,072 : INFO : Start of Preprocessing...
2024-09-02 20:34:27,072 : INFO : Start of reading dataset...
2024-09-02 20:34:27,111 : INFO : End of reading dataset...
2024-09-02 20:34:27,111 : INFO : Start of Droping Columns...
2024-09-02 20:34:27,111 : INFO : End of Droping Columns...
2024-09-02 20:34:27,111 : INFO : Start of feature encoding...
2024-09-02 20:34:27,111 : INFO : End of feature encoding...
2024-09-02 20:34:27,116 : INFO : Start of Droping Columns...
2024-09-02 20:34:27,116 : INFO : End of Droping Columns...
2024-09-02 20:34:27,116 : INFO : Start of finding missing values...
2024-09-02 20:34:27,132 : INFO : End of finding missing values...
2024-09-02 20:34:27,132 : INFO : Start of imputing missing values...
2024-09-02 20:34:27,163 : INFO : End of imputing missing values...
2024-09-02 20:34:27,163 : INFO : Start of splitting features and label ...
2024-09-02 20:34:27,163 : INFO : End of splitting features and label ...
2024-09-02 20:34:27,163 : INFO : End of Preprocessing...
2024-09-02 20:34:27,163 : INFO : Start of elbow plotting...
2024-09-02 20:34:28,183 : INFO : The optimum number of clusters is: 3
2024-09-02 20:34:28,183 : INFO : End of elbow plotting...
2024-09-02 20:34:28,183 : INFO : Start of Create clusters...
2024-09-02 20:34:28,196 : INFO : Start of Save Models
2024-09-02 20:34:28,196 : INFO : Start of Save Models
2024-09-02 20:34:28,201 : INFO : Model File KMeans saved
2024-09-02 20:34:28,201 : INFO : Model File KMeans saved
2024-09-02 20:34:28,201 : INFO : End of Save Models
2024-09-02 20:34:28,201 : INFO : End of Save Models
2024-09-02 20:34:28,201 : INFO : succesfully created 3clusters.
2024-09-02 20:34:28,201 : INFO : End of Create clusters...
2024-09-02 20:34:28,203 : INFO : Start of finding best model...
2024-09-02 20:34:28,203 : INFO : Start of finding best params for XGBoost algo...
2024-09-02 20:34:51,366 : INFO : XGBoost best params: {'learning_rate': 0.5, 'max_depth': 5, 'n_estimators': 200}
2024-09-02 20:34:51,366 : INFO : End of finding best params for XGBoost algo...
2024-09-02 20:34:51,366 : INFO : AUC for XGBoost:0.9896320991157139
2024-09-02 20:34:51,366 : INFO : Start of finding best params for randomforest algo...
2024-09-02 20:35:16,953 : INFO : Random Forest best params: {'criterion': 'entropy', 'max_depth': 3, 'max_features': 'log2', 'n_estimators': 10}
2024-09-02 20:35:16,953 : INFO : End of finding best params for randomforest algo...
2024-09-02 20:35:16,970 : INFO : AUC for XGBoost:0.9698420579751266
2024-09-02 20:35:16,970 : INFO : End of finding best model...
2024-09-02 20:35:16,970 : INFO : Start of Save Models
2024-09-02 20:35:16,970 : INFO : Start of Save Models
2024-09-02 20:35:16,973 : INFO : Model File XGBoost0 saved
2024-09-02 20:35:16,973 : INFO : Model File XGBoost0 saved
2024-09-02 20:35:16,976 : INFO : End of Save Models
2024-09-02 20:35:16,976 : INFO : End of Save Models
2024-09-02 20:35:16,976 : INFO : Start of finding best model...
2024-09-02 20:35:16,976 : INFO : Start of finding best params for XGBoost algo...
2024-09-02 20:36:08,972 : INFO : XGBoost best params: {'learning_rate': 0.5, 'max_depth': 10, 'n_estimators': 50}
2024-09-02 20:36:08,980 : INFO : End of finding best params for XGBoost algo...
2024-09-02 20:36:09,003 : INFO : AUC for XGBoost:0.9926952272018302
2024-09-02 20:36:09,003 : INFO : Start of finding best params for randomforest algo...
2024-09-02 20:36:41,338 : INFO : Random Forest best params: {'criterion': 'entropy', 'max_depth': 3, 'max_features': 'sqrt', 'n_estimators': 130}
2024-09-02 20:36:41,338 : INFO : End of finding best params for randomforest algo...
2024-09-02 20:36:41,357 : INFO : AUC for XGBoost:0.9630732037017782
2024-09-02 20:36:41,358 : INFO : End of finding best model...
2024-09-02 20:36:41,358 : INFO : Start of Save Models
2024-09-02 20:36:41,358 : INFO : Start of Save Models
2024-09-02 20:36:41,488 : INFO : Model File XGBoost1 saved
2024-09-02 20:36:41,488 : INFO : Model File XGBoost1 saved
2024-09-02 20:36:41,488 : INFO : End of Save Models
2024-09-02 20:36:41,488 : INFO : End of Save Models
2024-09-02 20:36:41,495 : INFO : Start of finding best model...
2024-09-02 20:36:41,495 : INFO : Start of finding best params for XGBoost algo...
2024-09-02 20:37:55,865 : INFO : XGBoost best params: {'learning_rate': 0.5, 'max_depth': 10, 'n_estimators': 50}
2024-09-02 20:37:55,865 : INFO : End of finding best params for XGBoost algo...
2024-09-02 20:37:55,904 : INFO : AUC for XGBoost:0.965684145998825
2024-09-02 20:37:55,904 : INFO : Start of finding best params for randomforest algo...
2024-09-02 20:38:51,017 : INFO : Random Forest best params: {'criterion': 'entropy', 'max_depth': 3, 'max_features': 'sqrt', 'n_estimators': 130}
2024-09-02 20:38:51,017 : INFO : End of finding best params for randomforest algo...
2024-09-02 20:38:51,032 : INFO : AUC for XGBoost:0.8179484559781359
2024-09-02 20:38:51,032 : INFO : End of finding best model...
2024-09-02 20:38:51,032 : INFO : Start of Save Models
2024-09-02 20:38:51,032 : INFO : Start of Save Models
2024-09-02 20:38:51,045 : INFO : Model File XGBoost2 saved
2024-09-02 20:38:51,045 : INFO : Model File XGBoost2 saved
2024-09-02 20:38:51,045 : INFO : End of Save Models
2024-09-02 20:38:51,045 : INFO : End of Save Models
2024-09-02 20:38:51,045 : INFO : End of Training
